<?xml version="1.0" encoding="UTF-8"?>
<!-- Generated by org.testng.reporters.JUnitXMLReporter -->
<testsuite hostname="firozkhan" ignored="0" name="Test1" tests="2" failures="0" timestamp="20 Sep 2017 10:47:05 GMT" time="1.736" errors="0">
  <testcase name="@BeforeTest setup" time="0.179" classname="testClasses.Login">
    <failure type="java.lang.IllegalStateException" message="The driver executable does not exist: C:\Users\firoz\git\framework\Selenium\src\test\resources\drivers\iedriver.exe">
      <![CDATA[java.lang.IllegalStateException: The driver executable does not exist: C:\Users\firoz\git\framework\Selenium\src\test\resources\drivers\iedriver.exe
	at com.google.common.base.Preconditions.checkState(Preconditions.java:518)
	at org.openqa.selenium.remote.service.DriverService.checkExecutable(DriverService.java:136)
	at org.openqa.selenium.remote.service.DriverService.findExecutable(DriverService.java:131)
	at org.openqa.selenium.ie.InternetExplorerDriverService.access$000(InternetExplorerDriverService.java:32)
	at org.openqa.selenium.ie.InternetExplorerDriverService$Builder.findDefaultExecutable(InternetExplorerDriverService.java:167)
	at org.openqa.selenium.remote.service.DriverService$Builder.build(DriverService.java:330)
	at org.openqa.selenium.ie.InternetExplorerDriver.setupService(InternetExplorerDriver.java:288)
	at org.openqa.selenium.ie.InternetExplorerDriver.<init>(InternetExplorerDriver.java:210)
	at org.openqa.selenium.ie.InternetExplorerDriver.<init>(InternetExplorerDriver.java:154)
	at utils.BrowserFactory.getBrowser(BrowserFactory.java:54)
	at testClasses.Login.setup(Login.java:32)
... Removed 23 stack frames]]>
    </failure>
  </testcase> <!-- @BeforeTest setup -->
  <testcase name="@AfterTest afterTest" time="0.0" classname="testClasses.Login">
    <skipped/>
  </testcase> <!-- @AfterTest afterTest -->
  <testcase name="login" time="0.0" classname="testClasses.Login">
    <skipped/>
  </testcase> <!-- login -->
  <testcase name="login" time="0.0" classname="testClasses.Login">
    <skipped/>
  </testcase> <!-- login -->
</testsuite> <!-- Test1 -->
